{ "type": "suite", "event": "started", "test_count": 4 }
{ "type": "test", "event": "started", "name": "tests2::it_works" }
{ "type": "test", "event": "started", "name": "tests2::it_works_2" }
{ "type": "test", "event": "started", "name": "tests::it_works" }
{ "type": "test", "event": "started", "name": "tests::it_works_2" }
{ "type": "test", "name": "tests2::it_works", "event": "ok", "exec_time": 0.000000458 }
{ "type": "test", "name": "tests2::it_works_2", "event": "ok", "exec_time": 0.000000291 }
{ "type": "test", "name": "tests::it_works", "event": "failed", "exec_time": 0.000049625, "stdout": "how does this look\nthread 'tests::it_works' panicked at 'assertion failed: `(left == right)`\n  left: `4`,\n right: `5`', src/lib.rs:21:9\nnote: run with `RUST_BACKTRACE=1` environment variable to display a backtrace\n" }
{ "type": "test", "name": "tests::it_works_2", "event": "failed", "exec_time": 0.007830125, "stdout": "Running command: \"/bin/bash\" \"-c\" \"spin --version\"\nthread 'tests::it_works_2' panicked at 'assertion failed: `(left == right)`\n  left: `true`,\n right: `false`', src/lib.rs:27:9\n" }
{ "type": "suite", "event": "failed", "passed": 2, "failed": 2, "ignored": 0, "measured": 0, "filtered_out": 0, "exec_time": 0.007953583 }
{ "type": "suite", "event": "started", "test_count": 0 }
{ "type": "suite", "event": "ok", "passed": 0, "failed": 0, "ignored": 0, "measured": 0, "filtered_out": 0, "exec_time": 0.000012708 }